$ bash trainval_net.sh 
Called with args:
Namespace(batch_size=2, checkepoch=1, checkpoint=0, checkpoint_interval=10000, checksession=1, class_agnostic=False, cuda=True, dataset='pascal_voc', disp_interval=100, large_scale=False, lr=0.001, lr_decay_gamma=0.1, lr_decay_step=5, mGPUs=False, max_epochs=1, net='vgg16', num_workers=1, optimizer='sgd', resume=False, save_dir='models', session=1, start_epoch=1, use_tfboard=True)
Using config:
{'ANCHOR_RATIOS': [0.5, 1, 2],
 'ANCHOR_SCALES': [8, 16, 32],
 'CROP_RESIZE_WITH_MAX_POOL': False,
 'CUDA': False,
 'DATA_DIR': '/home/yanghg/workspace/faster-rcnn.pytorch/data',
 'DEDUP_BOXES': 0.0625,
 'EPS': 1e-14,
 'EXP_DIR': 'vgg16',
 'FEAT_STRIDE': [16],
 'GPU_ID': 0,
 'MATLAB': 'matlab',
 'MAX_NUM_GT_BOXES': 20,
 'MOBILENET': {'DEPTH_MULTIPLIER': 1.0,
               'FIXED_LAYERS': 5,
               'REGU_DEPTH': False,
               'WEIGHT_DECAY': 4e-05},
 'PIXEL_MEANS': array([[[102.9801, 115.9465, 122.7717]]]),
 'POOLING_MODE': 'align',
 'POOLING_SIZE': 7,
 'RESNET': {'FIXED_BLOCKS': 1, 'MAX_POOL': False},
 'RNG_SEED': 3,
 'ROOT_DIR': '/home/yanghg/workspace/faster-rcnn.pytorch',
 'TEST': {'BBOX_REG': True,
          'HAS_RPN': True,
          'MAX_SIZE': 1000,
          'MODE': 'nms',
          'NMS': 0.3,
          'PROPOSAL_METHOD': 'gt',
          'RPN_MIN_SIZE': 16,
          'RPN_NMS_THRESH': 0.7,
          'RPN_POST_NMS_TOP_N': 300,
          'RPN_PRE_NMS_TOP_N': 6000,
          'RPN_TOP_N': 5000,
          'SCALES': [600],
          'SVM': False},
 'TRAIN': {'ASPECT_GROUPING': False,
           'BATCH_SIZE': 256,
           'BBOX_INSIDE_WEIGHTS': [1.0, 1.0, 1.0, 1.0],
           'BBOX_NORMALIZE_MEANS': [0.0, 0.0, 0.0, 0.0],
           'BBOX_NORMALIZE_STDS': [0.1, 0.1, 0.2, 0.2],
           'BBOX_NORMALIZE_TARGETS': True,
           'BBOX_NORMALIZE_TARGETS_PRECOMPUTED': True,
           'BBOX_REG': True,
           'BBOX_THRESH': 0.5,
           'BG_THRESH_HI': 0.5,
           'BG_THRESH_LO': 0.0,
           'BIAS_DECAY': False,
           'BN_TRAIN': False,
           'DISPLAY': 10,
           'DOUBLE_BIAS': True,
           'FG_FRACTION': 0.25,
           'FG_THRESH': 0.5,
           'GAMMA': 0.1,
           'HAS_RPN': True,
           'IMS_PER_BATCH': 1,
           'LEARNING_RATE': 0.01,
           'MAX_SIZE': 1000,
           'MOMENTUM': 0.9,
           'PROPOSAL_METHOD': 'gt',
           'RPN_BATCHSIZE': 256,
           'RPN_BBOX_INSIDE_WEIGHTS': [1.0, 1.0, 1.0, 1.0],
           'RPN_CLOBBER_POSITIVES': False,
           'RPN_FG_FRACTION': 0.5,
           'RPN_MIN_SIZE': 8,
           'RPN_NEGATIVE_OVERLAP': 0.3,
           'RPN_NMS_THRESH': 0.7,
           'RPN_POSITIVE_OVERLAP': 0.7,
           'RPN_POSITIVE_WEIGHT': -1.0,
           'RPN_POST_NMS_TOP_N': 2000,
           'RPN_PRE_NMS_TOP_N': 12000,
           'SCALES': [600],
           'SNAPSHOT_ITERS': 5000,
           'SNAPSHOT_KEPT': 3,
           'SNAPSHOT_PREFIX': 'res101_faster_rcnn',
           'STEPSIZE': [30000],
           'SUMMARY_INTERVAL': 180,
           'TRIM_HEIGHT': 600,
           'TRIM_WIDTH': 600,
           'TRUNCATED': False,
           'USE_ALL_GT': True,
           'USE_FLIPPED': True,
           'USE_GT': False,
           'WEIGHT_DECAY': 0.0005},
 'USE_GPU_NMS': True}
Loaded dataset `voc_2007_trainval` for training
Set proposal method: gt
Appending horizontally-flipped training examples...
voc_2007_trainval gt roidb loaded from /home/yanghg/workspace/faster-rcnn.pytorch/data/cache/voc_2007_trainval_gt_roidb.pkl
done
Preparing training data...
done
before filtering, there are 10022 images...
after filtering, there are 10022 images...
10022 roidb entries
Loading pretrained weights from data/pretrained_model/vgg16_caffe.pth
[session 1][epoch  1][iter    0/5011] loss: 4.7408, lr: 1.00e-03
			fg/bg=(44/468), time cost: 1.673776
			rpn_cls: 0.6227, rpn_box: 0.4448, rcnn_cls: 3.4888, rcnn_box 0.1845
[session 1][epoch  1][iter  100/5011] loss: 1.5108, lr: 1.00e-03
			fg/bg=(68/444), time cost: 145.927557
			rpn_cls: 0.2390, rpn_box: 0.1028, rcnn_cls: 0.4477, rcnn_box 0.3267

           'BATCH_SIZE': 256,
           'BATCH_SIZE': 256,
           'BATCH_SIZE': 256,

[session 1][epoch  1][iter  200/5011] loss: 1.2304, lr: 1.00e-03
			fg/bg=(83/429), time cost: 147.457237
			rpn_cls: 0.0367, rpn_box: 0.1883, rcnn_cls: 0.5716, rcnn_box 0.4300
BATCH_SIZE



BATCH_SIZE[session 1][epoch  1][iter  300/5011] loss: 1.1499, lr: 1.00e-03
			fg/bg=(49/463), time cost: 142.377358
			rpn_cls: 0.2678, rpn_box: 0.0923, rcnn_cls: 0.3812, rcnn_box 0.2145
[session 1][epoch  1][iter  400/5011] loss: 1.0490, lr: 1.00e-03
			fg/bg=(123/389), time cost: 143.880293
			rpn_cls: 0.3207, rpn_box: 0.1261, rcnn_cls: 0.5769, rcnn_box 0.5906




[session 1][epoch  1][iter  500/5011] loss: 1.0659, lr: 1.00e-03
			fg/bg=(79/433), time cost: 144.296759
			rpn_cls: 0.2100, rpn_box: 0.1028, rcnn_cls: 0.2859, rcnn_box 0.3414


[session 1][epoch  1][iter  600/5011] loss: 0.9984, lr: 1.00e-03
			fg/bg=(84/428), time cost: 143.749879
			rpn_cls: 0.2663, rpn_box: 0.1179, rcnn_cls: 0.4802, rcnn_box 0.3732
[session 1][epoch  1][iter  700/5011] loss: 0.9620, lr: 1.00e-03
			fg/bg=(67/445), time cost: 145.826676
			rpn_cls: 0.2949, rpn_box: 0.4373, rcnn_cls: 0.4409, rcnn_box 0.2847
[session 1][epoch  1][iter  800/5011] loss: 0.9362, lr: 1.00e-03
			fg/bg=(59/453), time cost: 144.130916
			rpn_cls: 0.1777, rpn_box: 0.0322, rcnn_cls: 0.2111, rcnn_box 0.2625
[session 1][epoch  1][iter  900/5011] loss: 0.9635, lr: 1.00e-03
			fg/bg=(128/384), time cost: 143.794938
			rpn_cls: 0.4054, rpn_box: 0.1445, rcnn_cls: 0.5126, rcnn_box 0.6019
[session 1][epoch  1][iter 1000/5011] loss: 0.9042, lr: 1.00e-03
			fg/bg=(83/429), time cost: 145.879730
			rpn_cls: 0.2635, rpn_box: 0.0772, rcnn_cls: 0.4396, rcnn_box 0.3900
[session 1][epoch  1][iter 1100/5011] loss: 0.8755, lr: 1.00e-03
			fg/bg=(39/473), time cost: 144.385579
			rpn_cls: 0.6250, rpn_box: 0.3276, rcnn_cls: 0.3284, rcnn_box 0.1871
[session 1][epoch  1][iter 1200/5011] loss: 0.8658, lr: 1.00e-03
			fg/bg=(103/409), time cost: 142.122334
			rpn_cls: 0.1300, rpn_box: 0.0506, rcnn_cls: 0.5781, rcnn_box 0.4668
[session 1][epoch  1][iter 1300/5011] loss: 0.8875, lr: 1.00e-03
			fg/bg=(97/415), time cost: 142.625586
			rpn_cls: 0.2945, rpn_box: 0.1870, rcnn_cls: 0.4318, rcnn_box 0.4173
[session 1][epoch  1][iter 1400/5011] loss: 0.9118, lr: 1.00e-03
			fg/bg=(69/443), time cost: 144.472459
			rpn_cls: 0.0821, rpn_box: 0.0489, rcnn_cls: 0.1786, rcnn_box 0.2875
[session 1][epoch  1][iter 1500/5011] loss: 0.8263, lr: 1.00e-03
			fg/bg=(42/470), time cost: 143.904360
			rpn_cls: 0.0588, rpn_box: 0.0387, rcnn_cls: 0.3219, rcnn_box 0.1778
[session 1][epoch  1][iter 1600/5011] loss: 0.8448, lr: 1.00e-03
			fg/bg=(52/460), time cost: 144.565480
			rpn_cls: 0.1394, rpn_box: 0.0199, rcnn_cls: 0.2193, rcnn_box 0.2154
[session 1][epoch  1][iter 1700/5011] loss: 0.8095, lr: 1.00e-03
			fg/bg=(25/487), time cost: 143.958384
			rpn_cls: 0.0534, rpn_box: 0.0299, rcnn_cls: 0.1694, rcnn_box 0.0914
[session 1][epoch  1][iter 1800/5011] loss: 0.8014, lr: 1.00e-03
			fg/bg=(128/384), time cost: 143.593611
			rpn_cls: 0.2845, rpn_box: 0.0494, rcnn_cls: 0.7550, rcnn_box 0.6508
[session 1][epoch  1][iter 1900/5011] loss: 0.8317, lr: 1.00e-03
			fg/bg=(81/431), time cost: 143.943506
			rpn_cls: 0.0816, rpn_box: 0.0323, rcnn_cls: 0.2781, rcnn_box 0.3572
[session 1][epoch  1][iter 2000/5011] loss: 0.8126, lr: 1.00e-03
			fg/bg=(61/451), time cost: 143.674572
			rpn_cls: 0.0290, rpn_box: 0.1857, rcnn_cls: 0.2340, rcnn_box 0.2235
[session 1][epoch  1][iter 2100/5011] loss: 0.8207, lr: 1.00e-03
			fg/bg=(85/427), time cost: 143.122490
			rpn_cls: 0.2377, rpn_box: 0.1213, rcnn_cls: 0.2851, rcnn_box 0.3908
[session 1][epoch  1][iter 2200/5011] loss: 0.7930, lr: 1.00e-03
			fg/bg=(74/438), time cost: 143.353882
			rpn_cls: 0.2096, rpn_box: 0.1372, rcnn_cls: 0.2240, rcnn_box 0.2494
[session 1][epoch  1][iter 2300/5011] loss: 0.8028, lr: 1.00e-03
			fg/bg=(94/418), time cost: 143.869192
			rpn_cls: 0.0913, rpn_box: 0.0526, rcnn_cls: 0.3174, rcnn_box 0.3436
[session 1][epoch  1][iter 2400/5011] loss: 0.7712, lr: 1.00e-03
			fg/bg=(67/445), time cost: 143.516385
			rpn_cls: 0.2476, rpn_box: 0.0548, rcnn_cls: 0.1932, rcnn_box 0.2472
[session 1][epoch  1][iter 2500/5011] loss: 0.7834, lr: 1.00e-03
			fg/bg=(52/460), time cost: 142.477179
			rpn_cls: 0.1010, rpn_box: 0.0329, rcnn_cls: 0.1399, rcnn_box 0.1311
[session 1][epoch  1][iter 2600/5011] loss: 0.7981, lr: 1.00e-03
			fg/bg=(62/450), time cost: 144.048844
			rpn_cls: 0.1080, rpn_box: 0.0434, rcnn_cls: 0.3889, rcnn_box 0.2498
[session 1][epoch  1][iter 2700/5011] loss: 0.7261, lr: 1.00e-03
			fg/bg=(79/433), time cost: 142.775136
			rpn_cls: 0.1109, rpn_box: 0.0190, rcnn_cls: 0.2409, rcnn_box 0.2589
[session 1][epoch  1][iter 2800/5011] loss: 0.8317, lr: 1.00e-03
			fg/bg=(90/422), time cost: 144.488617
			rpn_cls: 0.1305, rpn_box: 0.0415, rcnn_cls: 0.4555, rcnn_box 0.3187
[session 1][epoch  1][iter 2900/5011] loss: 0.7526, lr: 1.00e-03
			fg/bg=(27/485), time cost: 145.184882
			rpn_cls: 0.1279, rpn_box: 0.0494, rcnn_cls: 0.1227, rcnn_box 0.1058
[session 1][epoch  1][iter 3000/5011] loss: 0.7279, lr: 1.00e-03
			fg/bg=(38/474), time cost: 143.714051
			rpn_cls: 0.0566, rpn_box: 0.0142, rcnn_cls: 0.1954, rcnn_box 0.1351
[session 1][epoch  1][iter 3100/5011] loss: 0.7205, lr: 1.00e-03
			fg/bg=(18/494), time cost: 144.261722
			rpn_cls: 0.1302, rpn_box: 0.0257, rcnn_cls: 0.1028, rcnn_box 0.0604
[session 1][epoch  1][iter 3200/5011] loss: 0.7672, lr: 1.00e-03
			fg/bg=(49/463), time cost: 141.706058
			rpn_cls: 0.2675, rpn_box: 0.1311, rcnn_cls: 0.2607, rcnn_box 0.1787
[session 1][epoch  1][iter 3300/5011] loss: 0.7220, lr: 1.00e-03
			fg/bg=(46/466), time cost: 143.969653
			rpn_cls: 0.1572, rpn_box: 0.0333, rcnn_cls: 0.1239, rcnn_box 0.1673
[session 1][epoch  1][iter 3400/5011] loss: 0.7007, lr: 1.00e-03
			fg/bg=(78/434), time cost: 144.181874
			rpn_cls: 0.1149, rpn_box: 0.0848, rcnn_cls: 0.1290, rcnn_box 0.2460
[session 1][epoch  1][iter 3500/5011] loss: 0.7564, lr: 1.00e-03
			fg/bg=(63/449), time cost: 143.941459
			rpn_cls: 0.0776, rpn_box: 0.0612, rcnn_cls: 0.2236, rcnn_box 0.2119
[session 1][epoch  1][iter 3600/5011] loss: 0.7741, lr: 1.00e-03
			fg/bg=(24/488), time cost: 143.787117
			rpn_cls: 0.1001, rpn_box: 0.0480, rcnn_cls: 0.1797, rcnn_box 0.0602
[session 1][epoch  1][iter 3700/5011] loss: 0.6955, lr: 1.00e-03
			fg/bg=(66/446), time cost: 143.123461
			rpn_cls: 0.0829, rpn_box: 0.0558, rcnn_cls: 0.1574, rcnn_box 0.1937
[session 1][epoch  1][iter 3800/5011] loss: 0.7433, lr: 1.00e-03
			fg/bg=(92/420), time cost: 144.690936
			rpn_cls: 0.0925, rpn_box: 0.0321, rcnn_cls: 0.3910, rcnn_box 0.3610
[session 1][epoch  1][iter 3900/5011] loss: 0.7403, lr: 1.00e-03
			fg/bg=(48/464), time cost: 145.022164
			rpn_cls: 0.1688, rpn_box: 0.0393, rcnn_cls: 0.1416, rcnn_box 0.1879
[session 1][epoch  1][iter 4000/5011] loss: 0.7737, lr: 1.00e-03
			fg/bg=(52/460), time cost: 144.403284
			rpn_cls: 0.1351, rpn_box: 0.0242, rcnn_cls: 0.0988, rcnn_box 0.1804
[session 1][epoch  1][iter 4100/5011] loss: 0.7341, lr: 1.00e-03
			fg/bg=(53/459), time cost: 145.573107
			rpn_cls: 0.0936, rpn_box: 0.0174, rcnn_cls: 0.1488, rcnn_box 0.1970
[session 1][epoch  1][iter 4200/5011] loss: 0.7437, lr: 1.00e-03
			fg/bg=(94/418), time cost: 145.893021
			rpn_cls: 0.2464, rpn_box: 0.1611, rcnn_cls: 0.2532, rcnn_box 0.2635
[session 1][epoch  1][iter 4300/5011] loss: 0.7106, lr: 1.00e-03
			fg/bg=(78/434), time cost: 144.173821
			rpn_cls: 0.0726, rpn_box: 0.0195, rcnn_cls: 0.2295, rcnn_box 0.2697
[session 1][epoch  1][iter 4400/5011] loss: 0.6948, lr: 1.00e-03
			fg/bg=(96/416), time cost: 144.408821
			rpn_cls: 0.2005, rpn_box: 0.1144, rcnn_cls: 0.2581, rcnn_box 0.3417
[session 1][epoch  1][iter 4500/5011] loss: 0.7249, lr: 1.00e-03
			fg/bg=(82/430), time cost: 145.500160
			rpn_cls: 0.2482, rpn_box: 0.0611, rcnn_cls: 0.2709, rcnn_box 0.2231
[session 1][epoch  1][iter 4600/5011] loss: 0.7068, lr: 1.00e-03
			fg/bg=(57/455), time cost: 143.690816
			rpn_cls: 0.0565, rpn_box: 0.0517, rcnn_cls: 0.2608, rcnn_box 0.1970
[session 1][epoch  1][iter 4700/5011] loss: 0.6774, lr: 1.00e-03
			fg/bg=(47/465), time cost: 143.604254
			rpn_cls: 0.1190, rpn_box: 0.0404, rcnn_cls: 0.1749, rcnn_box 0.1336
[session 1][epoch  1][iter 4800/5011] loss: 0.6859, lr: 1.00e-03
			fg/bg=(98/414), time cost: 144.217673
			rpn_cls: 0.1581, rpn_box: 0.1154, rcnn_cls: 0.3606, rcnn_box 0.3702
[session 1][epoch  1][iter 4900/5011] loss: 0.7545, lr: 1.00e-03
			fg/bg=(105/407), time cost: 144.672346
			rpn_cls: 0.3155, rpn_box: 0.1799, rcnn_cls: 0.3600, rcnn_box 0.3293
[session 1][epoch  1][iter 5000/5011] loss: 0.7153, lr: 1.00e-03
			fg/bg=(50/462), time cost: 142.806393
			rpn_cls: 0.0805, rpn_box: 0.1642, rcnn_cls: 0.1531, rcnn_box 0.1594
save model: models/vgg16/pascal_voc/faster_rcnn_1_1_5010.pth

